<?xml version="1.0" encoding="UTF-8"?>
<testsuite xmlns:xsi="http://www.w3.org/2001/XMLSchema-instance" xsi:schemaLocation="https://maven.apache.org/surefire/maven-surefire-plugin/xsd/surefire-test-report.xsd" name="es.codeurjc.test.ejem.PiratesURJCTest" time="0.348" tests="10" errors="0" skipped="0" failures="1">
  <properties>
[...]
</properties>
  <testcase name="test" classname="test(String, String)" time="0.065"/>
  <testcase name="test" classname="test(String, String)" time="0"/>
  <testcase name="test" classname="test(String, String)" time="0.001"/>
  <testcase name="test" classname="test(String, String)" time="0.002"/>
  <testcase name="test" classname="test(String, String)" time="0.001"/>
  <testcase name="test" classname="test(String, String)" time="0.001"/>
  <testcase name="test" classname="test(String, String)" time="0.001"/>
  <testcase name="test" classname="test(String, String)" time="0.001"/>
  <testcase name="test" classname="test(String, String)" time="0.001"/>
  <testcase name="test" classname="test(String, String)" time="0.014">
    <failure message="expected: &lt;Gana jugador 2&gt; but was: &lt;Gana jugador 3&gt;" type="org.opentest4j.AssertionFailedError"><![CDATA[org.opentest4j.AssertionFailedError: expected: <Gana jugador 2> but was: <Gana jugador 3>
	at es.codeurjc.test.ejem.PiratesURJCTest.test(PiratesURJCTest.java:56)
]]></failure>
  </testcase>
</testsuite>